# JRE version: OpenJDK Runtime Environment (17.0.7) (build 17.0.7+0-b2043.56-10550314)
# Java VM: OpenJDK 64-Bit Server VM (17.0.7+0-b2043.56-10550314, mixed mode, tiered, compressed oops, compressed class ptrs, g1 gc, windows-amd64)
GC Precious Log:
 CPUs: 8 total, 8 available
 Memory: 11930M
 Large Page Support: Disabled
 NUMA Support: Disabled
 Compressed Oops: Enabled (32-bit)
 Heap Region Size: 1M
 Heap Min Capacity: 8M
 Heap Initial Capacity: 188M
 Heap Max Capacity: 2G
 Pre-touch: Disabled
 Parallel Workers: 8
 Concurrent Workers: 2
 Concurrent Refinement Workers: 8
 Periodic GC: Disabled
Heap:
 garbage-first heap   total 413696K, used 235198K [0x0000000080000000, 0x0000000100000000)
  region size 1024K, 6 young (6144K), 6 survivors (6144K)
 Metaspace       used 156156K, committed 156992K, reserved 1245184K
  class space    used 20540K, committed 20928K, reserved 1048576K
GC Heap History (20 events):
Event: 12.766 GC heap after
{Heap after GC invocations=52 (full 0):
 garbage-first heap   total 325632K, used 187163K [0x0000000080000000, 0x0000000100000000)
  region size 1024K, 10 young (10240K), 10 survivors (10240K)
 Metaspace       used 150174K, committed 151040K, reserved 1245184K
  class space    used 19753K, committed 20160K, reserved 1048576K
}
Event: 12.767 GC heap before
{Heap before GC invocations=52 (full 0):
 garbage-first heap   total 325632K, used 188187K [0x0000000080000000, 0x0000000100000000)
  region size 1024K, 11 young (11264K), 10 survivors (10240K)
 Metaspace       used 150174K, committed 151040K, reserved 1245184K
  class space    used 19753K, committed 20160K, reserved 1048576K
}
Event: 12.773 GC heap after
{Heap after GC invocations=53 (full 0):
 garbage-first heap   total 325632K, used 187659K [0x0000000080000000, 0x0000000100000000)
  region size 1024K, 1 young (1024K), 1 survivors (1024K)
 Metaspace       used 150174K, committed 151040K, reserved 1245184K
  class space    used 19753K, committed 20160K, reserved 1048576K
}
Event: 13.678 GC heap before
{Heap before GC invocations=54 (full 0):
 garbage-first heap   total 332800K, used 304395K [0x0000000080000000, 0x0000000100000000)
  region size 1024K, 87 young (89088K), 1 survivors (1024K)
 Metaspace       used 156129K, committed 156992K, reserved 1245184K
  class space    used 20539K, committed 20928K, reserved 1048576K
}
Event: 13.684 GC heap after
{Heap after GC invocations=55 (full 0):
 garbage-first heap   total 332800K, used 222838K [0x0000000080000000, 0x0000000100000000)
  region size 1024K, 11 young (11264K), 11 survivors (11264K)
 Metaspace       used 156129K, committed 156992K, reserved 1245184K
  class space    used 20539K, committed 20928K, reserved 1048576K
}
Event: 13.696 GC heap before
{Heap before GC invocations=55 (full 0):
 garbage-first heap   total 332800K, used 227958K [0x0000000080000000, 0x0000000100000000)
  region size 1024K, 16 young (16384K), 11 survivors (11264K)
 Metaspace       used 156129K, committed 156992K, reserved 1245184K
  class space    used 20539K, committed 20928K, reserved 1048576K
}
Event: 13.703 GC heap after
{Heap after GC invocations=56 (full 0):
 garbage-first heap   total 332800K, used 223836K [0x0000000080000000, 0x0000000100000000)
  region size 1024K, 2 young (2048K), 2 survivors (2048K)
 Metaspace       used 156129K, committed 156992K, reserved 1245184K
  class space    used 20539K, committed 20928K, reserved 1048576K
}
Event: 13.925 GC heap before
{Heap before GC invocations=56 (full 0):
 garbage-first heap   total 332800K, used 283228K [0x0000000080000000, 0x0000000100000000)
  region size 1024K, 61 young (62464K), 2 survivors (2048K)
 Metaspace       used 156149K, committed 156992K, reserved 1245184K
  class space    used 20539K, committed 20928K, reserved 1048576K
}
Event: 13.934 GC heap after
{Heap after GC invocations=57 (full 0):
 garbage-first heap   total 332800K, used 240803K [0x0000000080000000, 0x0000000100000000)
  region size 1024K, 8 young (8192K), 8 survivors (8192K)
 Metaspace       used 156149K, committed 156992K, reserved 1245184K
  class space    used 20539K, committed 20928K, reserved 1048576K
}
Event: 14.211 GC heap before
{Heap before GC invocations=58 (full 0):
 garbage-first heap   total 413696K, used 275619K [0x0000000080000000, 0x0000000100000000)
  region size 1024K, 47 young (48128K), 8 survivors (8192K)
 Metaspace       used 156153K, committed 156992K, reserved 1245184K
  class space    used 20540K, committed 20928K, reserved 1048576K
}
Event: 14.217 GC heap after
{Heap after GC invocations=59 (full 0):
 garbage-first heap   total 413696K, used 238192K [0x0000000080000000, 0x0000000100000000)
  region size 1024K, 5 young (5120K), 5 survivors (5120K)
 Metaspace       used 156153K, committed 156992K, reserved 1245184K
  class space    used 20540K, committed 20928K, reserved 1048576K
}
Event: 14.292 GC heap before
{Heap before GC invocations=59 (full 0):
 garbage-first heap   total 413696K, used 253552K [0x0000000080000000, 0x0000000100000000)
  region size 1024K, 20 young (20480K), 5 survivors (5120K)
 Metaspace       used 156153K, committed 156992K, reserved 1245184K
  class space    used 20540K, committed 20928K, reserved 1048576K
}
Event: 14.295 GC heap after
{Heap after GC invocations=60 (full 0):
 garbage-first heap   total 413696K, used 232140K [0x0000000080000000, 0x0000000100000000)
  region size 1024K, 3 young (3072K), 3 survivors (3072K)
 Metaspace       used 156153K, committed 156992K, reserved 1245184K
  class space    used 20540K, committed 20928K, reserved 1048576K
}
Event: 14.859 GC heap before
{Heap before GC invocations=60 (full 0):
 garbage-first heap   total 413696K, used 329420K [0x0000000080000000, 0x0000000100000000)
  region size 1024K, 98 young (100352K), 3 survivors (3072K)
 Metaspace       used 156153K, committed 156992K, reserved 1245184K
  class space    used 20540K, committed 20928K, reserved 1048576K
}
Event: 14.862 GC heap after
{Heap after GC invocations=61 (full 0):
 garbage-first heap   total 413696K, used 234429K [0x0000000080000000, 0x0000000100000000)
  region size 1024K, 6 young (6144K), 6 survivors (6144K)
 Metaspace       used 156153K, committed 156992K, reserved 1245184K
  class space    used 20540K, committed 20928K, reserved 1048576K
}
Event: 15.512 GC heap before
{Heap before GC invocations=62 (full 0):
 garbage-first heap   total 413696K, used 334781K [0x0000000080000000, 0x0000000100000000)
  region size 1024K, 104 young (106496K), 6 survivors (6144K)
 Metaspace       used 156156K, committed 156992K, reserved 1245184K
  class space    used 20540K, committed 20928K, reserved 1048576K
}
Event: 15.516 GC heap after
{Heap after GC invocations=63 (full 0):
 garbage-first heap   total 413696K, used 237351K [0x0000000080000000, 0x0000000100000000)
  region size 1024K, 8 young (8192K), 8 survivors (8192K)
 Metaspace       used 156156K, committed 156992K, reserved 1245184K
  class space    used 20540K, committed 20928K, reserved 1048576K
}
Event: 15.580 GC heap before
{Heap before GC invocations=63 (full 0):
 garbage-first heap   total 413696K, used 249639K [0x0000000080000000, 0x0000000100000000)
  region size 1024K, 20 young (20480K), 8 survivors (8192K)
 Metaspace       used 156156K, committed 156992K, reserved 1245184K
  class space    used 20540K, committed 20928K, reserved 1048576K
}
Event: 15.584 GC heap after
{Heap after GC invocations=64 (full 0):
 garbage-first heap   total 413696K, used 232601K [0x0000000080000000, 0x0000000100000000)
  region size 1024K, 3 young (3072K), 3 survivors (3072K)
 Metaspace       used 156156K, committed 156992K, reserved 1245184K
  class space    used 20540K, committed 20928K, reserved 1048576K
}
Event: 16.025 GC heap before
{Heap before GC invocations=64 (full 0):
 garbage-first heap   total 413696K, used 338073K [0x0000000080000000, 0x0000000100000000)
  region size 1024K, 106 young (108544K), 3 survivors (3072K)
 Metaspace       used 156156K, committed 156992K, reserved 1245184K
  class space    used 20540K, committed 20928K, reserved 1048576K
}

