# JRE version: OpenJDK Runtime Environment (17.0.7) (build 17.0.7+0-b2043.56-10550314)
# Java VM: OpenJDK 64-Bit Server VM (17.0.7+0-b2043.56-10550314, mixed mode, tiered, compressed oops, compressed class ptrs, g1 gc, windows-amd64)
GC Precious Log:
 CPUs: 8 total, 8 available
 Memory: 11930M
 Large Page Support: Disabled
 NUMA Support: Disabled
 Compressed Oops: Enabled (32-bit)
 Heap Region Size: 1M
 Heap Min Capacity: 8M
 Heap Initial Capacity: 188M
 Heap Max Capacity: 2G
 Pre-touch: Disabled
 Parallel Workers: 8
 Concurrent Workers: 2
 Concurrent Refinement Workers: 8
 Periodic GC: Disabled
Heap:
 garbage-first heap   total 347136K, used 230488K [0x0000000080000000, 0x0000000100000000)
  region size 1024K, 10 young (10240K), 10 survivors (10240K)
 Metaspace       used 129551K, committed 130432K, reserved 1179648K
  class space    used 17051K, committed 17472K, reserved 1048576K
GC Heap History (20 events):
Event: 20.975 GC heap after
{Heap after GC invocations=46 (full 0):
 garbage-first heap   total 347136K, used 164864K [0x0000000080000000, 0x0000000100000000)
  region size 1024K, 18 young (18432K), 18 survivors (18432K)
 Metaspace       used 113831K, committed 114560K, reserved 1179648K
  class space    used 15236K, committed 15616K, reserved 1048576K
}
Event: 21.814 GC heap before
{Heap before GC invocations=46 (full 0):
 garbage-first heap   total 347136K, used 286720K [0x0000000080000000, 0x0000000100000000)
  region size 1024K, 109 young (111616K), 18 survivors (18432K)
 Metaspace       used 116568K, committed 117312K, reserved 1179648K
  class space    used 15576K, committed 15936K, reserved 1048576K
}
Event: 21.830 GC heap after
{Heap after GC invocations=47 (full 0):
 garbage-first heap   total 347136K, used 177901K [0x0000000080000000, 0x0000000100000000)
  region size 1024K, 12 young (12288K), 12 survivors (12288K)
 Metaspace       used 116568K, committed 117312K, reserved 1179648K
  class space    used 15576K, committed 15936K, reserved 1048576K
}
Event: 21.953 GC heap before
{Heap before GC invocations=47 (full 0):
 garbage-first heap   total 347136K, used 211693K [0x0000000080000000, 0x0000000100000000)
  region size 1024K, 47 young (48128K), 12 survivors (12288K)
 Metaspace       used 118081K, committed 118848K, reserved 1179648K
  class space    used 15706K, committed 16128K, reserved 1048576K
}
Event: 21.963 GC heap after
{Heap after GC invocations=48 (full 0):
 garbage-first heap   total 347136K, used 183296K [0x0000000080000000, 0x0000000100000000)
  region size 1024K, 6 young (6144K), 6 survivors (6144K)
 Metaspace       used 118081K, committed 118848K, reserved 1179648K
  class space    used 15706K, committed 16128K, reserved 1048576K
}
Event: 22.432 GC heap before
{Heap before GC invocations=49 (full 0):
 garbage-first heap   total 347136K, used 268288K [0x0000000080000000, 0x0000000100000000)
  region size 1024K, 90 young (92160K), 6 survivors (6144K)
 Metaspace       used 120222K, committed 121024K, reserved 1179648K
  class space    used 15892K, committed 16320K, reserved 1048576K
}
Event: 22.439 GC heap after
{Heap after GC invocations=50 (full 0):
 garbage-first heap   total 347136K, used 184837K [0x0000000080000000, 0x0000000100000000)
  region size 1024K, 8 young (8192K), 8 survivors (8192K)
 Metaspace       used 120222K, committed 121024K, reserved 1179648K
  class space    used 15892K, committed 16320K, reserved 1048576K
}
Event: 22.457 GC heap before
{Heap before GC invocations=50 (full 0):
 garbage-first heap   total 347136K, used 192005K [0x0000000080000000, 0x0000000100000000)
  region size 1024K, 16 young (16384K), 8 survivors (8192K)
 Metaspace       used 120240K, committed 121088K, reserved 1179648K
  class space    used 15892K, committed 16320K, reserved 1048576K
}
Event: 22.469 GC heap after
{Heap after GC invocations=51 (full 0):
 garbage-first heap   total 347136K, used 175345K [0x0000000080000000, 0x0000000100000000)
  region size 1024K, 2 young (2048K), 2 survivors (2048K)
 Metaspace       used 120240K, committed 121088K, reserved 1179648K
  class space    used 15892K, committed 16320K, reserved 1048576K
}
Event: 22.816 GC heap before
{Heap before GC invocations=51 (full 0):
 garbage-first heap   total 347136K, used 270577K [0x0000000080000000, 0x0000000100000000)
  region size 1024K, 96 young (98304K), 2 survivors (2048K)
 Metaspace       used 121913K, committed 122816K, reserved 1179648K
  class space    used 16058K, committed 16512K, reserved 1048576K
}
Event: 22.821 GC heap after
{Heap after GC invocations=52 (full 0):
 garbage-first heap   total 347136K, used 179712K [0x0000000080000000, 0x0000000100000000)
  region size 1024K, 6 young (6144K), 6 survivors (6144K)
 Metaspace       used 121913K, committed 122816K, reserved 1179648K
  class space    used 16058K, committed 16512K, reserved 1048576K
}
Event: 23.418 GC heap before
{Heap before GC invocations=53 (full 0):
 garbage-first heap   total 347136K, used 251392K [0x0000000080000000, 0x0000000100000000)
  region size 1024K, 101 young (103424K), 6 survivors (6144K)
 Metaspace       used 123185K, committed 124032K, reserved 1179648K
  class space    used 16190K, committed 16640K, reserved 1048576K
}
Event: 23.424 GC heap after
{Heap after GC invocations=54 (full 0):
 garbage-first heap   total 347136K, used 159263K [0x0000000080000000, 0x0000000100000000)
  region size 1024K, 10 young (10240K), 10 survivors (10240K)
 Metaspace       used 123185K, committed 124032K, reserved 1179648K
  class space    used 16190K, committed 16640K, reserved 1048576K
}
Event: 23.477 GC heap before
{Heap before GC invocations=54 (full 0):
 garbage-first heap   total 347136K, used 165407K [0x0000000080000000, 0x0000000100000000)
  region size 1024K, 16 young (16384K), 10 survivors (10240K)
 Metaspace       used 123331K, committed 124160K, reserved 1179648K
  class space    used 16210K, committed 16640K, reserved 1048576K
}
Event: 23.483 GC heap after
{Heap after GC invocations=55 (full 0):
 garbage-first heap   total 347136K, used 147902K [0x0000000080000000, 0x0000000100000000)
  region size 1024K, 2 young (2048K), 2 survivors (2048K)
 Metaspace       used 123331K, committed 124160K, reserved 1179648K
  class space    used 16210K, committed 16640K, reserved 1048576K
}
Event: 24.102 GC heap before
{Heap before GC invocations=55 (full 0):
 garbage-first heap   total 347136K, used 272830K [0x0000000080000000, 0x0000000100000000)
  region size 1024K, 125 young (128000K), 2 survivors (2048K)
 Metaspace       used 125222K, committed 126144K, reserved 1179648K
  class space    used 16438K, committed 16896K, reserved 1048576K
}
Event: 24.111 GC heap after
{Heap after GC invocations=56 (full 0):
 garbage-first heap   total 347136K, used 159051K [0x0000000080000000, 0x0000000100000000)
  region size 1024K, 13 young (13312K), 13 survivors (13312K)
 Metaspace       used 125222K, committed 126144K, reserved 1179648K
  class space    used 16438K, committed 16896K, reserved 1048576K
}
Event: 24.446 GC heap before
{Heap before GC invocations=56 (full 0):
 garbage-first heap   total 347136K, used 310603K [0x0000000080000000, 0x0000000100000000)
  region size 1024K, 128 young (131072K), 13 survivors (13312K)
 Metaspace       used 125839K, committed 126720K, reserved 1179648K
  class space    used 16525K, committed 16960K, reserved 1048576K
}
Event: 24.457 GC heap after
{Heap after GC invocations=57 (full 0):
 garbage-first heap   total 347136K, used 208380K [0x0000000080000000, 0x0000000100000000)
  region size 1024K, 16 young (16384K), 16 survivors (16384K)
 Metaspace       used 125839K, committed 126720K, reserved 1179648K
  class space    used 16525K, committed 16960K, reserved 1048576K
}
Event: 24.783 GC heap before
{Heap before GC invocations=57 (full 0):
 garbage-first heap   total 347136K, used 296444K [0x0000000080000000, 0x0000000100000000)
  region size 1024K, 76 young (77824K), 16 survivors (16384K)
 Metaspace       used 129551K, committed 130432K, reserved 1179648K
  class space    used 17051K, committed 17472K, reserved 1048576K
}

