# JRE version: OpenJDK Runtime Environment (17.0.7) (build 17.0.7+0-b2043.56-10550314)
# Java VM: OpenJDK 64-Bit Server VM (17.0.7+0-b2043.56-10550314, mixed mode, tiered, compressed oops, compressed class ptrs, g1 gc, windows-amd64)
GC Precious Log:
 CPUs: 8 total, 8 available
 Memory: 11930M
 Large Page Support: Disabled
 NUMA Support: Disabled
 Compressed Oops: Enabled (32-bit)
 Heap Region Size: 1M
 Heap Min Capacity: 8M
 Heap Initial Capacity: 188M
 Heap Max Capacity: 2G
 Pre-touch: Disabled
 Parallel Workers: 8
 Concurrent Workers: 2
 Concurrent Refinement Workers: 8
 Periodic GC: Disabled
Heap:
 garbage-first heap   total 442368K, used 305047K [0x0000000080000000, 0x0000000100000000)
  region size 1024K, 6 young (6144K), 6 survivors (6144K)
 Metaspace       used 148221K, committed 149120K, reserved 1179648K
  class space    used 20278K, committed 20736K, reserved 1048576K
GC Heap History (20 events):
Event: 19.585 GC heap after
{Heap after GC invocations=45 (full 0):
 garbage-first heap   total 442368K, used 183069K [0x0000000080000000, 0x0000000100000000)
  region size 1024K, 10 young (10240K), 10 survivors (10240K)
 Metaspace       used 120987K, committed 121856K, reserved 1179648K
  class space    used 15955K, committed 16384K, reserved 1048576K
}
Event: 20.333 GC heap before
{Heap before GC invocations=45 (full 0):
 garbage-first heap   total 442368K, used 338717K [0x0000000080000000, 0x0000000100000000)
  region size 1024K, 163 young (166912K), 10 survivors (10240K)
 Metaspace       used 123317K, committed 124224K, reserved 1179648K
  class space    used 16191K, committed 16640K, reserved 1048576K
}
Event: 20.343 GC heap after
{Heap after GC invocations=46 (full 0):
 garbage-first heap   total 442368K, used 190258K [0x0000000080000000, 0x0000000100000000)
  region size 1024K, 17 young (17408K), 17 survivors (17408K)
 Metaspace       used 123317K, committed 124224K, reserved 1179648K
  class space    used 16191K, committed 16640K, reserved 1048576K
}
Event: 21.200 GC heap before
{Heap before GC invocations=46 (full 0):
 garbage-first heap   total 442368K, used 347954K [0x0000000080000000, 0x0000000100000000)
  region size 1024K, 172 young (176128K), 17 survivors (17408K)
 Metaspace       used 125431K, committed 126336K, reserved 1179648K
  class space    used 16450K, committed 16896K, reserved 1048576K
}
Event: 21.213 GC heap after
{Heap after GC invocations=47 (full 0):
 garbage-first heap   total 442368K, used 199490K [0x0000000080000000, 0x0000000100000000)
  region size 1024K, 19 young (19456K), 19 survivors (19456K)
 Metaspace       used 125431K, committed 126336K, reserved 1179648K
  class space    used 16450K, committed 16896K, reserved 1048576K
}
Event: 22.004 GC heap before
{Heap before GC invocations=47 (full 0):
 garbage-first heap   total 442368K, used 368450K [0x0000000080000000, 0x0000000100000000)
  region size 1024K, 171 young (175104K), 19 survivors (19456K)
 Metaspace       used 127813K, committed 128640K, reserved 1179648K
  class space    used 16801K, committed 17216K, reserved 1048576K
}
Event: 22.021 GC heap after
{Heap after GC invocations=48 (full 0):
 garbage-first heap   total 442368K, used 212719K [0x0000000080000000, 0x0000000100000000)
  region size 1024K, 12 young (12288K), 12 survivors (12288K)
 Metaspace       used 127813K, committed 128640K, reserved 1179648K
  class space    used 16801K, committed 17216K, reserved 1048576K
}
Event: 23.222 GC heap before
{Heap before GC invocations=48 (full 0):
 garbage-first heap   total 442368K, used 365295K [0x0000000080000000, 0x0000000100000000)
  region size 1024K, 156 young (159744K), 12 survivors (12288K)
 Metaspace       used 141581K, committed 142528K, reserved 1179648K
  class space    used 19378K, committed 19840K, reserved 1048576K
}
Event: 23.241 GC heap after
{Heap after GC invocations=49 (full 0):
 garbage-first heap   total 442368K, used 232578K [0x0000000080000000, 0x0000000100000000)
  region size 1024K, 14 young (14336K), 14 survivors (14336K)
 Metaspace       used 141581K, committed 142528K, reserved 1179648K
  class space    used 19378K, committed 19840K, reserved 1048576K
}
Event: 24.062 GC heap before
{Heap before GC invocations=49 (full 0):
 garbage-first heap   total 442368K, used 371842K [0x0000000080000000, 0x0000000100000000)
  region size 1024K, 139 young (142336K), 14 survivors (14336K)
 Metaspace       used 146665K, committed 147584K, reserved 1179648K
  class space    used 20183K, committed 20608K, reserved 1048576K
}
Event: 24.076 GC heap after
{Heap after GC invocations=50 (full 0):
 garbage-first heap   total 442368K, used 243538K [0x0000000080000000, 0x0000000100000000)
  region size 1024K, 12 young (12288K), 12 survivors (12288K)
 Metaspace       used 146665K, committed 147584K, reserved 1179648K
  class space    used 20183K, committed 20608K, reserved 1048576K
}
Event: 24.392 GC heap before
{Heap before GC invocations=50 (full 0):
 garbage-first heap   total 442368K, used 362322K [0x0000000080000000, 0x0000000100000000)
  region size 1024K, 129 young (132096K), 12 survivors (12288K)
 Metaspace       used 147262K, committed 148224K, reserved 1179648K
  class space    used 20238K, committed 20672K, reserved 1048576K
}
Event: 24.411 GC heap after
{Heap after GC invocations=51 (full 0):
 garbage-first heap   total 442368K, used 261658K [0x0000000080000000, 0x0000000100000000)
  region size 1024K, 17 young (17408K), 17 survivors (17408K)
 Metaspace       used 147262K, committed 148224K, reserved 1179648K
  class space    used 20238K, committed 20672K, reserved 1048576K
}
Event: 24.691 GC heap before
{Heap before GC invocations=51 (full 0):
 garbage-first heap   total 442368K, used 363034K [0x0000000080000000, 0x0000000100000000)
  region size 1024K, 116 young (118784K), 17 survivors (17408K)
 Metaspace       used 147595K, committed 148544K, reserved 1179648K
  class space    used 20241K, committed 20672K, reserved 1048576K
}
Event: 24.710 GC heap after
{Heap after GC invocations=52 (full 0):
 garbage-first heap   total 442368K, used 275845K [0x0000000080000000, 0x0000000100000000)
  region size 1024K, 14 young (14336K), 14 survivors (14336K)
 Metaspace       used 147595K, committed 148544K, reserved 1179648K
  class space    used 20241K, committed 20672K, reserved 1048576K
}
Event: 25.040 GC heap before
{Heap before GC invocations=52 (full 0):
 garbage-first heap   total 442368K, used 365957K [0x0000000080000000, 0x0000000100000000)
  region size 1024K, 102 young (104448K), 14 survivors (14336K)
 Metaspace       used 148015K, committed 148992K, reserved 1179648K
  class space    used 20262K, committed 20736K, reserved 1048576K
}
Event: 25.061 GC heap after
{Heap after GC invocations=53 (full 0):
 garbage-first heap   total 442368K, used 288495K [0x0000000080000000, 0x0000000100000000)
  region size 1024K, 13 young (13312K), 13 survivors (13312K)
 Metaspace       used 148015K, committed 148992K, reserved 1179648K
  class space    used 20262K, committed 20736K, reserved 1048576K
}
Event: 25.258 GC heap before
{Heap before GC invocations=53 (full 0):
 garbage-first heap   total 442368K, used 368367K [0x0000000080000000, 0x0000000100000000)
  region size 1024K, 91 young (93184K), 13 survivors (13312K)
 Metaspace       used 148078K, committed 149056K, reserved 1179648K
  class space    used 20262K, committed 20736K, reserved 1048576K
}
Event: 25.275 GC heap after
{Heap after GC invocations=54 (full 0):
 garbage-first heap   total 442368K, used 299327K [0x0000000080000000, 0x0000000100000000)
  region size 1024K, 10 young (10240K), 10 survivors (10240K)
 Metaspace       used 148078K, committed 149056K, reserved 1179648K
  class space    used 20262K, committed 20736K, reserved 1048576K
}
Event: 25.455 GC heap before
{Heap before GC invocations=54 (full 0):
 garbage-first heap   total 442368K, used 369983K [0x0000000080000000, 0x0000000100000000)
  region size 1024K, 80 young (81920K), 10 survivors (10240K)
 Metaspace       used 148221K, committed 149120K, reserved 1179648K
  class space    used 20278K, committed 20736K, reserved 1048576K
}

