# JRE version: OpenJDK Runtime Environment (17.0.7) (build 17.0.7+0-b2043.56-10550314)
# Java VM: OpenJDK 64-Bit Server VM (17.0.7+0-b2043.56-10550314, mixed mode, tiered, compressed oops, compressed class ptrs, g1 gc, windows-amd64)
GC Precious Log:
 CPUs: 8 total, 8 available
 Memory: 11930M
 Large Page Support: Disabled
 NUMA Support: Disabled
 Compressed Oops: Enabled (32-bit)
 Heap Region Size: 1M
 Heap Min Capacity: 8M
 Heap Initial Capacity: 188M
 Heap Max Capacity: 2G
 Pre-touch: Disabled
 Parallel Workers: 8
 Concurrent Workers: 2
 Concurrent Refinement Workers: 8
 Periodic GC: Disabled
Heap:
 garbage-first heap   total 396288K, used 304128K [0x0000000080000000, 0x0000000100000000)
  region size 1024K, 5 young (5120K), 5 survivors (5120K)
 Metaspace       used 113202K, committed 113920K, reserved 1179648K
  class space    used 15712K, committed 16064K, reserved 1048576K
GC Heap History (20 events):
Event: 9.576 GC heap after
{Heap after GC invocations=45 (full 0):
 garbage-first heap   total 295936K, used 119364K [0x0000000080000000, 0x0000000100000000)
  region size 1024K, 18 young (18432K), 18 survivors (18432K)
 Metaspace       used 103679K, committed 104384K, reserved 1179648K
  class space    used 14222K, committed 14528K, reserved 1048576K
}
Event: 10.003 GC heap before
{Heap before GC invocations=45 (full 0):
 garbage-first heap   total 295936K, used 226884K [0x0000000080000000, 0x0000000100000000)
  region size 1024K, 124 young (126976K), 18 survivors (18432K)
 Metaspace       used 104321K, committed 105088K, reserved 1179648K
  class space    used 14261K, committed 14656K, reserved 1048576K
}
Event: 10.016 GC heap after
{Heap after GC invocations=46 (full 0):
 garbage-first heap   total 295936K, used 127152K [0x0000000080000000, 0x0000000100000000)
  region size 1024K, 11 young (11264K), 11 survivors (11264K)
 Metaspace       used 104321K, committed 105088K, reserved 1179648K
  class space    used 14261K, committed 14656K, reserved 1048576K
}
Event: 10.440 GC heap before
{Heap before GC invocations=46 (full 0):
 garbage-first heap   total 295936K, used 231600K [0x0000000080000000, 0x0000000100000000)
  region size 1024K, 114 young (116736K), 11 survivors (11264K)
 Metaspace       used 105250K, committed 105984K, reserved 1179648K
  class space    used 14394K, committed 14784K, reserved 1048576K
}
Event: 10.449 GC heap after
{Heap after GC invocations=47 (full 0):
 garbage-first heap   total 295936K, used 134690K [0x0000000080000000, 0x0000000100000000)
  region size 1024K, 11 young (11264K), 11 survivors (11264K)
 Metaspace       used 105250K, committed 105984K, reserved 1179648K
  class space    used 14394K, committed 14784K, reserved 1048576K
}
Event: 10.718 GC heap before
{Heap before GC invocations=47 (full 0):
 garbage-first heap   total 295936K, used 235042K [0x0000000080000000, 0x0000000100000000)
  region size 1024K, 110 young (112640K), 11 survivors (11264K)
 Metaspace       used 106017K, committed 106752K, reserved 1179648K
  class space    used 14481K, committed 14848K, reserved 1048576K
}
Event: 10.727 GC heap after
{Heap after GC invocations=48 (full 0):
 garbage-first heap   total 295936K, used 140188K [0x0000000080000000, 0x0000000100000000)
  region size 1024K, 8 young (8192K), 8 survivors (8192K)
 Metaspace       used 106017K, committed 106752K, reserved 1179648K
  class space    used 14481K, committed 14848K, reserved 1048576K
}
Event: 10.824 GC heap before
{Heap before GC invocations=48 (full 0):
 garbage-first heap   total 295936K, used 194460K [0x0000000080000000, 0x0000000100000000)
  region size 1024K, 34 young (34816K), 8 survivors (8192K)
 Metaspace       used 106253K, committed 107072K, reserved 1179648K
  class space    used 14510K, committed 14912K, reserved 1048576K
}
Event: 10.831 GC heap after
{Heap after GC invocations=49 (full 0):
 garbage-first heap   total 295936K, used 179897K [0x0000000080000000, 0x0000000100000000)
  region size 1024K, 11 young (11264K), 11 survivors (11264K)
 Metaspace       used 106253K, committed 107072K, reserved 1179648K
  class space    used 14510K, committed 14912K, reserved 1048576K
}
Event: 11.122 GC heap before
{Heap before GC invocations=50 (full 0):
 garbage-first heap   total 329728K, used 302777K [0x0000000080000000, 0x0000000100000000)
  region size 1024K, 62 young (63488K), 11 survivors (11264K)
 Metaspace       used 109437K, committed 110208K, reserved 1179648K
  class space    used 14983K, committed 15360K, reserved 1048576K
}
Event: 11.127 GC heap after
{Heap after GC invocations=51 (full 0):
 garbage-first heap   total 329728K, used 225121K [0x0000000080000000, 0x0000000100000000)
  region size 1024K, 9 young (9216K), 9 survivors (9216K)
 Metaspace       used 109437K, committed 110208K, reserved 1179648K
  class space    used 14983K, committed 15360K, reserved 1048576K
}
Event: 11.143 GC heap before
{Heap before GC invocations=51 (full 0):
 garbage-first heap   total 329728K, used 252769K [0x0000000080000000, 0x0000000100000000)
  region size 1024K, 16 young (16384K), 9 survivors (9216K)
 Metaspace       used 109574K, committed 110336K, reserved 1179648K
  class space    used 15010K, committed 15360K, reserved 1048576K
}
Event: 11.147 GC heap after
{Heap after GC invocations=52 (full 0):
 garbage-first heap   total 396288K, used 231392K [0x0000000080000000, 0x0000000100000000)
  region size 1024K, 2 young (2048K), 2 survivors (2048K)
 Metaspace       used 109574K, committed 110336K, reserved 1179648K
  class space    used 15010K, committed 15360K, reserved 1048576K
}
Event: 11.568 GC heap before
{Heap before GC invocations=52 (full 0):
 garbage-first heap   total 396288K, used 305120K [0x0000000080000000, 0x0000000100000000)
  region size 1024K, 73 young (74752K), 2 survivors (2048K)
 Metaspace       used 109806K, committed 110528K, reserved 1179648K
  class space    used 15037K, committed 15424K, reserved 1048576K
}
Event: 11.587 GC heap after
{Heap after GC invocations=53 (full 0):
 garbage-first heap   total 396288K, used 260608K [0x0000000080000000, 0x0000000100000000)
  region size 1024K, 10 young (10240K), 10 survivors (10240K)
 Metaspace       used 109806K, committed 110528K, reserved 1179648K
  class space    used 15037K, committed 15424K, reserved 1048576K
}
Event: 11.807 GC heap before
{Heap before GC invocations=53 (full 0):
 garbage-first heap   total 396288K, used 318976K [0x0000000080000000, 0x0000000100000000)
  region size 1024K, 63 young (64512K), 10 survivors (10240K)
 Metaspace       used 110393K, committed 111168K, reserved 1179648K
  class space    used 15109K, committed 15488K, reserved 1048576K
}
Event: 11.832 GC heap after
{Heap after GC invocations=54 (full 0):
 garbage-first heap   total 396288K, used 284672K [0x0000000080000000, 0x0000000100000000)
  region size 1024K, 8 young (8192K), 8 survivors (8192K)
 Metaspace       used 110393K, committed 111168K, reserved 1179648K
  class space    used 15109K, committed 15488K, reserved 1048576K
}
Event: 11.944 GC heap before
{Heap before GC invocations=54 (full 0):
 garbage-first heap   total 396288K, used 323584K [0x0000000080000000, 0x0000000100000000)
  region size 1024K, 47 young (48128K), 8 survivors (8192K)
 Metaspace       used 110905K, committed 111616K, reserved 1179648K
  class space    used 15177K, committed 15552K, reserved 1048576K
}
Event: 11.965 GC heap after
{Heap after GC invocations=55 (full 0):
 garbage-first heap   total 396288K, used 297984K [0x0000000080000000, 0x0000000100000000)
  region size 1024K, 6 young (6144K), 6 survivors (6144K)
 Metaspace       used 110905K, committed 111616K, reserved 1179648K
  class space    used 15177K, committed 15552K, reserved 1048576K
}
Event: 12.085 GC heap before
{Heap before GC invocations=55 (full 0):
 garbage-first heap   total 396288K, used 328704K [0x0000000080000000, 0x0000000100000000)
  region size 1024K, 37 young (37888K), 6 survivors (6144K)
 Metaspace       used 113202K, committed 113920K, reserved 1179648K
  class space    used 15712K, committed 16064K, reserved 1048576K
}

