# JRE version: OpenJDK Runtime Environment (17.0.7) (build 17.0.7+0-b2043.56-10550314)
# Java VM: OpenJDK 64-Bit Server VM (17.0.7+0-b2043.56-10550314, mixed mode, tiered, compressed oops, compressed class ptrs, g1 gc, windows-amd64)
GC Precious Log:
 CPUs: 8 total, 8 available
 Memory: 11930M
 Large Page Support: Disabled
 NUMA Support: Disabled
 Compressed Oops: Enabled (32-bit)
 Heap Region Size: 1M
 Heap Min Capacity: 8M
 Heap Initial Capacity: 188M
 Heap Max Capacity: 2G
 Pre-touch: Disabled
 Parallel Workers: 8
 Concurrent Workers: 2
 Concurrent Refinement Workers: 8
 Periodic GC: Disabled
Heap:
 garbage-first heap   total 290816K, used 238624K [0x0000000080000000, 0x0000000100000000)
  region size 1024K, 4 young (4096K), 4 survivors (4096K)
 Metaspace       used 118525K, committed 119360K, reserved 1179648K
  class space    used 16007K, committed 16384K, reserved 1048576K
GC Heap History (20 events):
Event: 9.956 GC heap after
{Heap after GC invocations=39 (full 0):
 garbage-first heap   total 233472K, used 126436K [0x0000000080000000, 0x0000000100000000)
  region size 1024K, 7 young (7168K), 7 survivors (7168K)
 Metaspace       used 104352K, committed 105152K, reserved 1179648K
  class space    used 14277K, committed 14656K, reserved 1048576K
}
Event: 10.162 GC heap before
{Heap before GC invocations=39 (full 0):
 garbage-first heap   total 233472K, used 188900K [0x0000000080000000, 0x0000000100000000)
  region size 1024K, 69 young (70656K), 7 survivors (7168K)
 Metaspace       used 104555K, committed 105280K, reserved 1179648K
  class space    used 14280K, committed 14656K, reserved 1048576K
}
Event: 10.168 GC heap after
{Heap after GC invocations=40 (full 0):
 garbage-first heap   total 233472K, used 130679K [0x0000000080000000, 0x0000000100000000)
  region size 1024K, 6 young (6144K), 6 survivors (6144K)
 Metaspace       used 104555K, committed 105280K, reserved 1179648K
  class space    used 14280K, committed 14656K, reserved 1048576K
}
Event: 12.418 GC heap before
{Heap before GC invocations=40 (full 0):
 garbage-first heap   total 233472K, used 185975K [0x0000000080000000, 0x0000000100000000)
  region size 1024K, 62 young (63488K), 6 survivors (6144K)
 Metaspace       used 111533K, committed 112256K, reserved 1179648K
  class space    used 15170K, committed 15552K, reserved 1048576K
}
Event: 12.425 GC heap after
{Heap after GC invocations=41 (full 0):
 garbage-first heap   total 280576K, used 136552K [0x0000000080000000, 0x0000000100000000)
  region size 1024K, 6 young (6144K), 6 survivors (6144K)
 Metaspace       used 111533K, committed 112256K, reserved 1179648K
  class space    used 15170K, committed 15552K, reserved 1048576K
}
Event: 13.562 GC heap before
{Heap before GC invocations=42 (full 0):
 garbage-first heap   total 280576K, used 224616K [0x0000000080000000, 0x0000000100000000)
  region size 1024K, 93 young (95232K), 6 survivors (6144K)
 Metaspace       used 113548K, committed 114304K, reserved 1179648K
  class space    used 15306K, committed 15680K, reserved 1048576K
}
Event: 13.568 GC heap after
{Heap after GC invocations=43 (full 0):
 garbage-first heap   total 280576K, used 139714K [0x0000000080000000, 0x0000000100000000)
  region size 1024K, 9 young (9216K), 9 survivors (9216K)
 Metaspace       used 113548K, committed 114304K, reserved 1179648K
  class space    used 15306K, committed 15680K, reserved 1048576K
}
Event: 13.610 GC heap before
{Heap before GC invocations=43 (full 0):
 garbage-first heap   total 280576K, used 142786K [0x0000000080000000, 0x0000000100000000)
  region size 1024K, 13 young (13312K), 9 survivors (9216K)
 Metaspace       used 113548K, committed 114304K, reserved 1179648K
  class space    used 15306K, committed 15680K, reserved 1048576K
}
Event: 13.616 GC heap after
{Heap after GC invocations=44 (full 0):
 garbage-first heap   total 280576K, used 138126K [0x0000000080000000, 0x0000000100000000)
  region size 1024K, 2 young (2048K), 2 survivors (2048K)
 Metaspace       used 113548K, committed 114304K, reserved 1179648K
  class space    used 15306K, committed 15680K, reserved 1048576K
}
Event: 14.176 GC heap before
{Heap before GC invocations=44 (full 0):
 garbage-first heap   total 280576K, used 227214K [0x0000000080000000, 0x0000000100000000)
  region size 1024K, 90 young (92160K), 2 survivors (2048K)
 Metaspace       used 114484K, committed 115328K, reserved 1179648K
  class space    used 15426K, committed 15808K, reserved 1048576K
}
Event: 14.183 GC heap after
{Heap after GC invocations=45 (full 0):
 garbage-first heap   total 280576K, used 143984K [0x0000000080000000, 0x0000000100000000)
  region size 1024K, 8 young (8192K), 8 survivors (8192K)
 Metaspace       used 114484K, committed 115328K, reserved 1179648K
  class space    used 15426K, committed 15808K, reserved 1048576K
}
Event: 14.575 GC heap before
{Heap before GC invocations=46 (full 0):
 garbage-first heap   total 280576K, used 227952K [0x0000000080000000, 0x0000000100000000)
  region size 1024K, 91 young (93184K), 8 survivors (8192K)
 Metaspace       used 114809K, committed 115648K, reserved 1179648K
  class space    used 15467K, committed 15872K, reserved 1048576K
}
Event: 14.582 GC heap after
{Heap after GC invocations=47 (full 0):
 garbage-first heap   total 280576K, used 148147K [0x0000000080000000, 0x0000000100000000)
  region size 1024K, 7 young (7168K), 7 survivors (7168K)
 Metaspace       used 114809K, committed 115648K, reserved 1179648K
  class space    used 15467K, committed 15872K, reserved 1048576K
}
Event: 14.596 GC heap before
{Heap before GC invocations=47 (full 0):
 garbage-first heap   total 280576K, used 153267K [0x0000000080000000, 0x0000000100000000)
  region size 1024K, 13 young (13312K), 7 survivors (7168K)
 Metaspace       used 114824K, committed 115648K, reserved 1179648K
  class space    used 15469K, committed 15872K, reserved 1048576K
}
Event: 14.601 GC heap after
{Heap after GC invocations=48 (full 0):
 garbage-first heap   total 280576K, used 146321K [0x0000000080000000, 0x0000000100000000)
  region size 1024K, 2 young (2048K), 2 survivors (2048K)
 Metaspace       used 114824K, committed 115648K, reserved 1179648K
  class space    used 15469K, committed 15872K, reserved 1048576K
}
Event: 15.022 GC heap before
{Heap before GC invocations=48 (full 0):
 garbage-first heap   total 280576K, used 268177K [0x0000000080000000, 0x0000000100000000)
  region size 1024K, 55 young (56320K), 2 survivors (2048K)
 Metaspace       used 118230K, committed 119040K, reserved 1179648K
  class space    used 15962K, committed 16384K, reserved 1048576K
}
Event: 15.026 GC heap after
{Heap after GC invocations=49 (full 0):
 garbage-first heap   total 289792K, used 216500K [0x0000000080000000, 0x0000000100000000)
  region size 1024K, 11 young (11264K), 11 survivors (11264K)
 Metaspace       used 118230K, committed 119040K, reserved 1179648K
  class space    used 15962K, committed 16384K, reserved 1048576K
}
Event: 15.030 GC heap before
{Heap before GC invocations=49 (full 0):
 garbage-first heap   total 289792K, used 228788K [0x0000000080000000, 0x0000000100000000)
  region size 1024K, 14 young (14336K), 11 survivors (11264K)
 Metaspace       used 118231K, committed 119040K, reserved 1179648K
  class space    used 15962K, committed 16384K, reserved 1048576K
}
Event: 15.033 GC heap after
{Heap after GC invocations=50 (full 0):
 garbage-first heap   total 289792K, used 220825K [0x0000000080000000, 0x0000000100000000)
  region size 1024K, 2 young (2048K), 2 survivors (2048K)
 Metaspace       used 118231K, committed 119040K, reserved 1179648K
  class space    used 15962K, committed 16384K, reserved 1048576K
}
Event: 15.109 GC heap before
{Heap before GC invocations=50 (full 0):
 garbage-first heap   total 289792K, used 280217K [0x0000000080000000, 0x0000000100000000)
  region size 1024K, 20 young (20480K), 2 survivors (2048K)
 Metaspace       used 118525K, committed 119360K, reserved 1179648K
  class space    used 16007K, committed 16384K, reserved 1048576K
}

