# JRE version: OpenJDK Runtime Environment (17.0.7) (build 17.0.7+0-b2043.56-10550314)
# Java VM: OpenJDK 64-Bit Server VM (17.0.7+0-b2043.56-10550314, mixed mode, tiered, compressed oops, compressed class ptrs, g1 gc, windows-amd64)
GC Precious Log:
 CPUs: 8 total, 8 available
 Memory: 11930M
 Large Page Support: Disabled
 NUMA Support: Disabled
 Compressed Oops: Enabled (32-bit)
 Heap Region Size: 1M
 Heap Min Capacity: 8M
 Heap Initial Capacity: 188M
 Heap Max Capacity: 2G
 Pre-touch: Disabled
 Parallel Workers: 8
 Concurrent Workers: 2
 Concurrent Refinement Workers: 8
 Periodic GC: Disabled
Heap:
 garbage-first heap   total 458752K, used 334257K [0x0000000080000000, 0x0000000100000000)
  region size 1024K, 9 young (9216K), 9 survivors (9216K)
 Metaspace       used 113982K, committed 114688K, reserved 1179648K
  class space    used 15785K, committed 16128K, reserved 1048576K
GC Heap History (20 events):
Event: 8.416 GC heap after
{Heap after GC invocations=40 (full 0):
 garbage-first heap   total 307200K, used 95138K [0x0000000080000000, 0x0000000100000000)
  region size 1024K, 2 young (2048K), 2 survivors (2048K)
 Metaspace       used 98599K, committed 99264K, reserved 1179648K
  class space    used 13600K, committed 13888K, reserved 1048576K
}
Event: 9.391 GC heap before
{Heap before GC invocations=40 (full 0):
 garbage-first heap   total 307200K, used 246690K [0x0000000080000000, 0x0000000100000000)
  region size 1024K, 146 young (149504K), 2 survivors (2048K)
 Metaspace       used 103566K, committed 104256K, reserved 1179648K
  class space    used 14224K, committed 14528K, reserved 1048576K
}
Event: 9.404 GC heap after
{Heap after GC invocations=41 (full 0):
 garbage-first heap   total 307200K, used 116096K [0x0000000080000000, 0x0000000100000000)
  region size 1024K, 19 young (19456K), 19 survivors (19456K)
 Metaspace       used 103566K, committed 104256K, reserved 1179648K
  class space    used 14224K, committed 14528K, reserved 1048576K
}
Event: 9.873 GC heap before
{Heap before GC invocations=41 (full 0):
 garbage-first heap   total 307200K, used 236928K [0x0000000080000000, 0x0000000100000000)
  region size 1024K, 138 young (141312K), 19 survivors (19456K)
 Metaspace       used 104188K, committed 104960K, reserved 1179648K
  class space    used 14265K, committed 14656K, reserved 1048576K
}
Event: 9.887 GC heap after
{Heap after GC invocations=42 (full 0):
 garbage-first heap   total 307200K, used 123774K [0x0000000080000000, 0x0000000100000000)
  region size 1024K, 10 young (10240K), 10 survivors (10240K)
 Metaspace       used 104188K, committed 104960K, reserved 1179648K
  class space    used 14265K, committed 14656K, reserved 1048576K
}
Event: 10.307 GC heap before
{Heap before GC invocations=42 (full 0):
 garbage-first heap   total 307200K, used 242558K [0x0000000080000000, 0x0000000100000000)
  region size 1024K, 127 young (130048K), 10 survivors (10240K)
 Metaspace       used 104955K, committed 105728K, reserved 1179648K
  class space    used 14351K, committed 14720K, reserved 1048576K
}
Event: 10.317 GC heap after
{Heap after GC invocations=43 (full 0):
 garbage-first heap   total 307200K, used 131146K [0x0000000080000000, 0x0000000100000000)
  region size 1024K, 10 young (10240K), 10 survivors (10240K)
 Metaspace       used 104955K, committed 105728K, reserved 1179648K
  class space    used 14351K, committed 14720K, reserved 1048576K
}
Event: 10.673 GC heap before
{Heap before GC invocations=43 (full 0):
 garbage-first heap   total 307200K, used 245834K [0x0000000080000000, 0x0000000100000000)
  region size 1024K, 123 young (125952K), 10 survivors (10240K)
 Metaspace       used 105895K, committed 106688K, reserved 1179648K
  class space    used 14471K, committed 14848K, reserved 1048576K
}
Event: 10.683 GC heap after
{Heap after GC invocations=44 (full 0):
 garbage-first heap   total 307200K, used 139066K [0x0000000080000000, 0x0000000100000000)
  region size 1024K, 11 young (11264K), 11 survivors (11264K)
 Metaspace       used 105895K, committed 106688K, reserved 1179648K
  class space    used 14471K, committed 14848K, reserved 1048576K
}
Event: 10.851 GC heap before
{Heap before GC invocations=44 (full 0):
 garbage-first heap   total 307200K, used 210746K [0x0000000080000000, 0x0000000100000000)
  region size 1024K, 60 young (61440K), 11 survivors (11264K)
 Metaspace       used 106319K, committed 107072K, reserved 1179648K
  class space    used 14519K, committed 14912K, reserved 1048576K
}
Event: 10.859 GC heap after
{Heap after GC invocations=45 (full 0):
 garbage-first heap   total 458752K, used 173056K [0x0000000080000000, 0x0000000100000000)
  region size 1024K, 12 young (12288K), 12 survivors (12288K)
 Metaspace       used 106319K, committed 107072K, reserved 1179648K
  class space    used 14519K, committed 14912K, reserved 1048576K
}
Event: 11.116 GC heap before
{Heap before GC invocations=45 (full 0):
 garbage-first heap   total 458752K, used 259072K [0x0000000080000000, 0x0000000100000000)
  region size 1024K, 53 young (54272K), 12 survivors (12288K)
 Metaspace       used 109578K, committed 110464K, reserved 1179648K
  class space    used 14996K, committed 15424K, reserved 1048576K
}
Event: 11.122 GC heap after
{Heap after GC invocations=46 (full 0):
 garbage-first heap   total 458752K, used 210512K [0x0000000080000000, 0x0000000100000000)
  region size 1024K, 20 young (20480K), 20 survivors (20480K)
 Metaspace       used 109578K, committed 110464K, reserved 1179648K
  class space    used 14996K, committed 15424K, reserved 1048576K
}
Event: 11.662 GC heap before
{Heap before GC invocations=46 (full 0):
 garbage-first heap   total 458752K, used 373328K [0x0000000080000000, 0x0000000100000000)
  region size 1024K, 123 young (125952K), 20 survivors (20480K)
 Metaspace       used 109948K, committed 110720K, reserved 1179648K
  class space    used 15049K, committed 15424K, reserved 1048576K
}
Event: 11.688 GC heap after
{Heap after GC invocations=47 (full 0):
 garbage-first heap   total 458752K, used 266475K [0x0000000080000000, 0x0000000100000000)
  region size 1024K, 16 young (16384K), 16 survivors (16384K)
 Metaspace       used 109948K, committed 110720K, reserved 1179648K
  class space    used 15049K, committed 15424K, reserved 1048576K
}
Event: 11.929 GC heap before
{Heap before GC invocations=47 (full 0):
 garbage-first heap   total 458752K, used 345323K [0x0000000080000000, 0x0000000100000000)
  region size 1024K, 91 young (93184K), 16 survivors (16384K)
 Metaspace       used 110751K, committed 111552K, reserved 1179648K
  class space    used 15149K, committed 15552K, reserved 1048576K
}
Event: 11.963 GC heap after
{Heap after GC invocations=48 (full 0):
 garbage-first heap   total 458752K, used 293888K [0x0000000080000000, 0x0000000100000000)
  region size 1024K, 12 young (12288K), 12 survivors (12288K)
 Metaspace       used 110751K, committed 111552K, reserved 1179648K
  class space    used 15149K, committed 15552K, reserved 1048576K
}
Event: 12.212 GC heap before
{Heap before GC invocations=48 (full 0):
 garbage-first heap   total 458752K, used 357376K [0x0000000080000000, 0x0000000100000000)
  region size 1024K, 75 young (76800K), 12 survivors (12288K)
 Metaspace       used 113772K, committed 114560K, reserved 1179648K
  class space    used 15773K, committed 16128K, reserved 1048576K
}
Event: 12.236 GC heap after
{Heap after GC invocations=49 (full 0):
 garbage-first heap   total 458752K, used 309760K [0x0000000080000000, 0x0000000100000000)
  region size 1024K, 10 young (10240K), 10 survivors (10240K)
 Metaspace       used 113772K, committed 114560K, reserved 1179648K
  class space    used 15773K, committed 16128K, reserved 1048576K
}
Event: 12.400 GC heap before
{Heap before GC invocations=49 (full 0):
 garbage-first heap   total 458752K, used 368128K [0x0000000080000000, 0x0000000100000000)
  region size 1024K, 67 young (68608K), 10 survivors (10240K)
 Metaspace       used 113982K, committed 114688K, reserved 1179648K
  class space    used 15785K, committed 16128K, reserved 1048576K
}

