# JRE version: OpenJDK Runtime Environment (17.0.7) (build 17.0.7+0-b2043.56-10550314)
# Java VM: OpenJDK 64-Bit Server VM (17.0.7+0-b2043.56-10550314, mixed mode, tiered, compressed oops, compressed class ptrs, g1 gc, windows-amd64)
GC Precious Log:
 CPUs: 8 total, 8 available
 Memory: 11930M
 Large Page Support: Disabled
 NUMA Support: Disabled
 Compressed Oops: Enabled (32-bit)
 Heap Region Size: 1M
 Heap Min Capacity: 8M
 Heap Initial Capacity: 188M
 Heap Max Capacity: 2G
 Pre-touch: Disabled
 Parallel Workers: 8
 Concurrent Workers: 2
 Concurrent Refinement Workers: 8
 Periodic GC: Disabled
Heap:
 garbage-first heap   total 192512K, used 68668K [0x0000000080000000, 0x0000000100000000)
  region size 1024K, 2 young (2048K), 2 survivors (2048K)
 Metaspace       used 57730K, committed 58304K, reserved 1114112K
  class space    used 8121K, committed 8384K, reserved 1048576K
GC Heap History (20 events):
Event: 2.644 GC heap after
{Heap after GC invocations=13 (full 0):
 garbage-first heap   total 87040K, used 49899K [0x0000000080000000, 0x0000000100000000)
  region size 1024K, 2 young (2048K), 2 survivors (2048K)
 Metaspace       used 33746K, committed 34112K, reserved 1114112K
  class space    used 4673K, committed 4800K, reserved 1048576K
}
Event: 2.808 GC heap before
{Heap before GC invocations=13 (full 0):
 garbage-first heap   total 87040K, used 65259K [0x0000000080000000, 0x0000000100000000)
  region size 1024K, 18 young (18432K), 2 survivors (2048K)
 Metaspace       used 36236K, committed 36544K, reserved 1114112K
  class space    used 5050K, committed 5184K, reserved 1048576K
}
Event: 2.810 GC heap after
{Heap after GC invocations=14 (full 0):
 garbage-first heap   total 104448K, used 50582K [0x0000000080000000, 0x0000000100000000)
  region size 1024K, 2 young (2048K), 2 survivors (2048K)
 Metaspace       used 36236K, committed 36544K, reserved 1114112K
  class space    used 5050K, committed 5184K, reserved 1048576K
}
Event: 3.091 GC heap before
{Heap before GC invocations=15 (full 0):
 garbage-first heap   total 104448K, used 78230K [0x0000000080000000, 0x0000000100000000)
  region size 1024K, 30 young (30720K), 2 survivors (2048K)
 Metaspace       used 42428K, committed 42752K, reserved 1114112K
  class space    used 5700K, committed 5824K, reserved 1048576K
}
Event: 3.095 GC heap after
{Heap after GC invocations=16 (full 0):
 garbage-first heap   total 104448K, used 54237K [0x0000000080000000, 0x0000000100000000)
  region size 1024K, 4 young (4096K), 4 survivors (4096K)
 Metaspace       used 42428K, committed 42752K, reserved 1114112K
  class space    used 5700K, committed 5824K, reserved 1048576K
}
Event: 3.198 GC heap before
{Heap before GC invocations=16 (full 0):
 garbage-first heap   total 104448K, used 73693K [0x0000000080000000, 0x0000000100000000)
  region size 1024K, 25 young (25600K), 4 survivors (4096K)
 Metaspace       used 42940K, committed 43264K, reserved 1114112K
  class space    used 5746K, committed 5888K, reserved 1048576K
}
Event: 3.202 GC heap after
{Heap after GC invocations=17 (full 0):
 garbage-first heap   total 104448K, used 57814K [0x0000000080000000, 0x0000000100000000)
  region size 1024K, 4 young (4096K), 4 survivors (4096K)
 Metaspace       used 42940K, committed 43264K, reserved 1114112K
  class space    used 5746K, committed 5888K, reserved 1048576K
}
Event: 3.582 GC heap before
{Heap before GC invocations=18 (full 0):
 garbage-first heap   total 109568K, used 85462K [0x0000000080000000, 0x0000000100000000)
  region size 1024K, 27 young (27648K), 4 survivors (4096K)
 Metaspace       used 46464K, committed 46912K, reserved 1114112K
  class space    used 6173K, committed 6400K, reserved 1048576K
}
Event: 3.586 GC heap after
{Heap after GC invocations=19 (full 0):
 garbage-first heap   total 109568K, used 59040K [0x0000000080000000, 0x0000000100000000)
  region size 1024K, 2 young (2048K), 2 survivors (2048K)
 Metaspace       used 46464K, committed 46912K, reserved 1114112K
  class space    used 6173K, committed 6400K, reserved 1048576K
}
Event: 3.798 GC heap before
{Heap before GC invocations=19 (full 0):
 garbage-first heap   total 109568K, used 78496K [0x0000000080000000, 0x0000000100000000)
  region size 1024K, 22 young (22528K), 2 survivors (2048K)
 Metaspace       used 47992K, committed 48512K, reserved 1114112K
  class space    used 6406K, committed 6656K, reserved 1048576K
}
Event: 3.801 GC heap after
{Heap after GC invocations=20 (full 0):
 garbage-first heap   total 109568K, used 61617K [0x0000000080000000, 0x0000000100000000)
  region size 1024K, 4 young (4096K), 4 survivors (4096K)
 Metaspace       used 47992K, committed 48512K, reserved 1114112K
  class space    used 6406K, committed 6656K, reserved 1048576K
}
Event: 3.830 GC heap before
{Heap before GC invocations=21 (full 0):
 garbage-first heap   total 114688K, used 68785K [0x0000000080000000, 0x0000000100000000)
  region size 1024K, 9 young (9216K), 4 survivors (4096K)
 Metaspace       used 48316K, committed 48832K, reserved 1114112K
  class space    used 6430K, committed 6656K, reserved 1048576K
}
Event: 3.832 GC heap after
{Heap after GC invocations=22 (full 0):
 garbage-first heap   total 114688K, used 66938K [0x0000000080000000, 0x0000000100000000)
  region size 1024K, 2 young (2048K), 2 survivors (2048K)
 Metaspace       used 48316K, committed 48832K, reserved 1114112K
  class space    used 6430K, committed 6656K, reserved 1048576K
}
Event: 4.071 GC heap before
{Heap before GC invocations=23 (full 0):
 garbage-first heap   total 119808K, used 89466K [0x0000000080000000, 0x0000000100000000)
  region size 1024K, 23 young (23552K), 2 survivors (2048K)
 Metaspace       used 50778K, committed 51264K, reserved 1114112K
  class space    used 6691K, committed 6912K, reserved 1048576K
}
Event: 4.073 GC heap after
{Heap after GC invocations=24 (full 0):
 garbage-first heap   total 119808K, used 67081K [0x0000000080000000, 0x0000000100000000)
  region size 1024K, 3 young (3072K), 3 survivors (3072K)
 Metaspace       used 50778K, committed 51264K, reserved 1114112K
  class space    used 6691K, committed 6912K, reserved 1048576K
}
Event: 4.077 GC heap before
{Heap before GC invocations=24 (full 0):
 garbage-first heap   total 119808K, used 69129K [0x0000000080000000, 0x0000000100000000)
  region size 1024K, 5 young (5120K), 3 survivors (3072K)
 Metaspace       used 50778K, committed 51264K, reserved 1114112K
  class space    used 6691K, committed 6912K, reserved 1048576K
}
Event: 4.079 GC heap after
{Heap after GC invocations=25 (full 0):
 garbage-first heap   total 119808K, used 66799K [0x0000000080000000, 0x0000000100000000)
  region size 1024K, 1 young (1024K), 1 survivors (1024K)
 Metaspace       used 50778K, committed 51264K, reserved 1114112K
  class space    used 6691K, committed 6912K, reserved 1048576K
}
Event: 4.283 GC heap before
{Heap before GC invocations=25 (full 0):
 garbage-first heap   total 119808K, used 93423K [0x0000000080000000, 0x0000000100000000)
  region size 1024K, 27 young (27648K), 1 survivors (1024K)
 Metaspace       used 54360K, committed 54912K, reserved 1114112K
  class space    used 7634K, committed 7872K, reserved 1048576K
}
Event: 4.285 GC heap after
{Heap after GC invocations=26 (full 0):
 garbage-first heap   total 119808K, used 67915K [0x0000000080000000, 0x0000000100000000)
  region size 1024K, 2 young (2048K), 2 survivors (2048K)
 Metaspace       used 54360K, committed 54912K, reserved 1114112K
  class space    used 7634K, committed 7872K, reserved 1048576K
}
Event: 4.462 GC heap before
{Heap before GC invocations=27 (full 0):
 garbage-first heap   total 119808K, used 95563K [0x0000000080000000, 0x0000000100000000)
  region size 1024K, 29 young (29696K), 2 survivors (2048K)
 Metaspace       used 57730K, committed 58304K, reserved 1114112K
  class space    used 8121K, committed 8384K, reserved 1048576K
}

