# JRE version: OpenJDK Runtime Environment (17.0.7) (build 17.0.7+0-b2043.56-10550314)
# Java VM: OpenJDK 64-Bit Server VM (17.0.7+0-b2043.56-10550314, mixed mode, tiered, compressed oops, compressed class ptrs, g1 gc, windows-amd64)
GC Precious Log:
 CPUs: 8 total, 8 available
 Memory: 11930M
 Large Page Support: Disabled
 NUMA Support: Disabled
 Compressed Oops: Enabled (32-bit)
 Heap Region Size: 1M
 Heap Min Capacity: 8M
 Heap Initial Capacity: 188M
 Heap Max Capacity: 2G
 Pre-touch: Disabled
 Parallel Workers: 8
 Concurrent Workers: 2
 Concurrent Refinement Workers: 8
 Periodic GC: Disabled
Heap:
 garbage-first heap   total 430080K, used 358062K [0x0000000080000000, 0x0000000100000000)
  region size 1024K, 49 young (50176K), 20 survivors (20480K)
 Metaspace       used 165397K, committed 166208K, reserved 1245184K
  class space    used 21746K, committed 22144K, reserved 1048576K
GC Heap History (20 events):
Event: 8.874 GC heap before
{Heap before GC invocations=47 (full 0):
 garbage-first heap   total 235520K, used 188920K [0x0000000080000000, 0x0000000100000000)
  region size 1024K, 56 young (57344K), 2 survivors (2048K)
 Metaspace       used 110873K, committed 111488K, reserved 1179648K
  class space    used 14849K, committed 15168K, reserved 1048576K
}
Event: 8.877 GC heap after
{Heap after GC invocations=48 (full 0):
 garbage-first heap   total 235520K, used 135367K [0x0000000080000000, 0x0000000100000000)
  region size 1024K, 3 young (3072K), 3 survivors (3072K)
 Metaspace       used 110873K, committed 111488K, reserved 1179648K
  class space    used 14849K, committed 15168K, reserved 1048576K
}
Event: 9.232 GC heap before
{Heap before GC invocations=49 (full 0):
 garbage-first heap   total 237568K, used 193735K [0x0000000080000000, 0x0000000100000000)
  region size 1024K, 59 young (60416K), 3 survivors (3072K)
 Metaspace       used 113841K, committed 114496K, reserved 1179648K
  class space    used 15193K, committed 15488K, reserved 1048576K
}
Event: 9.236 GC heap after
{Heap after GC invocations=50 (full 0):
 garbage-first heap   total 237568K, used 138215K [0x0000000080000000, 0x0000000100000000)
  region size 1024K, 6 young (6144K), 6 survivors (6144K)
 Metaspace       used 113841K, committed 114496K, reserved 1179648K
  class space    used 15193K, committed 15488K, reserved 1048576K
}
Event: 9.272 GC heap before
{Heap before GC invocations=50 (full 0):
 garbage-first heap   total 237568K, used 142311K [0x0000000080000000, 0x0000000100000000)
  region size 1024K, 11 young (11264K), 6 survivors (6144K)
 Metaspace       used 114419K, committed 115072K, reserved 1179648K
  class space    used 15265K, committed 15552K, reserved 1048576K
}
Event: 9.276 GC heap after
{Heap after GC invocations=51 (full 0):
 garbage-first heap   total 237568K, used 137579K [0x0000000080000000, 0x0000000100000000)
  region size 1024K, 1 young (1024K), 1 survivors (1024K)
 Metaspace       used 114419K, committed 115072K, reserved 1179648K
  class space    used 15265K, committed 15552K, reserved 1048576K
}
Event: 9.522 GC heap before
{Heap before GC invocations=51 (full 0):
 garbage-first heap   total 237568K, used 195947K [0x0000000080000000, 0x0000000100000000)
  region size 1024K, 58 young (59392K), 1 survivors (1024K)
 Metaspace       used 115641K, committed 116352K, reserved 1179648K
  class space    used 15376K, committed 15744K, reserved 1048576K
}
Event: 9.526 GC heap after
{Heap after GC invocations=52 (full 0):
 garbage-first heap   total 430080K, used 142456K [0x0000000080000000, 0x0000000100000000)
  region size 1024K, 6 young (6144K), 6 survivors (6144K)
 Metaspace       used 115641K, committed 116352K, reserved 1179648K
  class space    used 15376K, committed 15744K, reserved 1048576K
}
Event: 11.319 GC heap before
{Heap before GC invocations=52 (full 0):
 garbage-first heap   total 430080K, used 310392K [0x0000000080000000, 0x0000000100000000)
  region size 1024K, 170 young (174080K), 6 survivors (6144K)
 Metaspace       used 135344K, committed 136000K, reserved 1179648K
  class space    used 17462K, committed 17792K, reserved 1048576K
}
Event: 11.328 GC heap after
{Heap after GC invocations=53 (full 0):
 garbage-first heap   total 430080K, used 151210K [0x0000000080000000, 0x0000000100000000)
  region size 1024K, 15 young (15360K), 15 survivors (15360K)
 Metaspace       used 135344K, committed 136000K, reserved 1179648K
  class space    used 17462K, committed 17792K, reserved 1048576K
}
Event: 13.027 GC heap before
{Heap before GC invocations=53 (full 0):
 garbage-first heap   total 430080K, used 328362K [0x0000000080000000, 0x0000000100000000)
  region size 1024K, 187 young (191488K), 15 survivors (15360K)
 Metaspace       used 148732K, committed 149504K, reserved 1179648K
  class space    used 19531K, committed 19904K, reserved 1048576K
}
Event: 13.040 GC heap after
{Heap after GC invocations=54 (full 0):
 garbage-first heap   total 430080K, used 150899K [0x0000000080000000, 0x0000000100000000)
  region size 1024K, 16 young (16384K), 16 survivors (16384K)
 Metaspace       used 148732K, committed 149504K, reserved 1179648K
  class space    used 19531K, committed 19904K, reserved 1048576K
}
Event: 14.669 GC heap before
{Heap before GC invocations=54 (full 0):
 garbage-first heap   total 430080K, used 345459K [0x0000000080000000, 0x0000000100000000)
  region size 1024K, 202 young (206848K), 16 survivors (16384K)
 Metaspace       used 158583K, committed 159360K, reserved 1245184K
  class space    used 20829K, committed 21248K, reserved 1048576K
}
Event: 14.688 GC heap after
{Heap after GC invocations=55 (full 0):
 garbage-first heap   total 430080K, used 170725K [0x0000000080000000, 0x0000000100000000)
  region size 1024K, 26 young (26624K), 26 survivors (26624K)
 Metaspace       used 158583K, committed 159360K, reserved 1245184K
  class space    used 20829K, committed 21248K, reserved 1048576K
}
Event: 15.642 GC heap before
{Heap before GC invocations=55 (full 0):
 garbage-first heap   total 430080K, used 338661K [0x0000000080000000, 0x0000000100000000)
  region size 1024K, 191 young (195584K), 26 survivors (26624K)
 Metaspace       used 160110K, committed 160960K, reserved 1245184K
  class space    used 21028K, committed 21440K, reserved 1048576K
}
Event: 15.664 GC heap after
{Heap after GC invocations=56 (full 0):
 garbage-first heap   total 430080K, used 187062K [0x0000000080000000, 0x0000000100000000)
  region size 1024K, 16 young (16384K), 16 survivors (16384K)
 Metaspace       used 160110K, committed 160960K, reserved 1245184K
  class space    used 21028K, committed 21440K, reserved 1048576K
}
Event: 16.459 GC heap before
{Heap before GC invocations=56 (full 0):
 garbage-first heap   total 430080K, used 342710K [0x0000000080000000, 0x0000000100000000)
  region size 1024K, 169 young (173056K), 16 survivors (16384K)
 Metaspace       used 161382K, committed 162176K, reserved 1245184K
  class space    used 21180K, committed 21568K, reserved 1048576K
}
Event: 16.476 GC heap after
{Heap after GC invocations=57 (full 0):
 garbage-first heap   total 430080K, used 197919K [0x0000000080000000, 0x0000000100000000)
  region size 1024K, 14 young (14336K), 14 survivors (14336K)
 Metaspace       used 161382K, committed 162176K, reserved 1245184K
  class space    used 21180K, committed 21568K, reserved 1048576K
}
Event: 17.379 GC heap before
{Heap before GC invocations=57 (full 0):
 garbage-first heap   total 430080K, used 391455K [0x0000000080000000, 0x0000000100000000)
  region size 1024K, 156 young (159744K), 14 survivors (14336K)
 Metaspace       used 165381K, committed 166144K, reserved 1245184K
  class space    used 21744K, committed 22144K, reserved 1048576K
}
Event: 17.393 GC heap after
{Heap after GC invocations=58 (full 0):
 garbage-first heap   total 430080K, used 256686K [0x0000000080000000, 0x0000000100000000)
  region size 1024K, 20 young (20480K), 20 survivors (20480K)
 Metaspace       used 165381K, committed 166144K, reserved 1245184K
  class space    used 21744K, committed 22144K, reserved 1048576K
}

