# JRE version: OpenJDK Runtime Environment (17.0.7) (build 17.0.7+0-b2043.56-10550314)
# Java VM: OpenJDK 64-Bit Server VM (17.0.7+0-b2043.56-10550314, mixed mode, tiered, compressed oops, compressed class ptrs, g1 gc, windows-amd64)
GC Precious Log:
 CPUs: 8 total, 8 available
 Memory: 11930M
 Large Page Support: Disabled
 NUMA Support: Disabled
 Compressed Oops: Enabled (32-bit)
 Heap Region Size: 1M
 Heap Min Capacity: 8M
 Heap Initial Capacity: 188M
 Heap Max Capacity: 2G
 Pre-touch: Disabled
 Parallel Workers: 8
 Concurrent Workers: 2
 Concurrent Refinement Workers: 8
 Periodic GC: Disabled
Heap:
 garbage-first heap   total 147456K, used 95171K [0x0000000080000000, 0x0000000100000000)
  region size 1024K, 5 young (5120K), 3 survivors (3072K)
 Metaspace       used 74176K, committed 74880K, reserved 1114112K
  class space    used 10165K, committed 10496K, reserved 1048576K
GC Heap History (20 events):
Event: 3.020 GC heap before
{Heap before GC invocations=14 (full 0):
 garbage-first heap   total 86016K, used 67921K [0x0000000080000000, 0x0000000100000000)
  region size 1024K, 20 young (20480K), 2 survivors (2048K)
 Metaspace       used 38052K, committed 38464K, reserved 1114112K
  class space    used 5256K, committed 5440K, reserved 1048576K
}
Event: 3.023 GC heap after
{Heap after GC invocations=15 (full 0):
 garbage-first heap   total 86016K, used 50829K [0x0000000080000000, 0x0000000100000000)
  region size 1024K, 3 young (3072K), 3 survivors (3072K)
 Metaspace       used 38052K, committed 38464K, reserved 1114112K
  class space    used 5256K, committed 5440K, reserved 1048576K
}
Event: 3.250 GC heap before
{Heap before GC invocations=16 (full 0):
 garbage-first heap   total 89088K, used 68237K [0x0000000080000000, 0x0000000100000000)
  region size 1024K, 21 young (21504K), 3 survivors (3072K)
 Metaspace       used 42437K, committed 42880K, reserved 1114112K
  class space    used 5702K, committed 5888K, reserved 1048576K
}
Event: 3.253 GC heap after
{Heap after GC invocations=17 (full 0):
 garbage-first heap   total 89088K, used 53720K [0x0000000080000000, 0x0000000100000000)
  region size 1024K, 3 young (3072K), 3 survivors (3072K)
 Metaspace       used 42437K, committed 42880K, reserved 1114112K
  class space    used 5702K, committed 5888K, reserved 1048576K
}
Event: 3.326 GC heap before
{Heap before GC invocations=17 (full 0):
 garbage-first heap   total 89088K, used 72152K [0x0000000080000000, 0x0000000100000000)
  region size 1024K, 21 young (21504K), 3 survivors (3072K)
 Metaspace       used 42732K, committed 43136K, reserved 1114112K
  class space    used 5732K, committed 5888K, reserved 1048576K
}
Event: 3.329 GC heap after
{Heap after GC invocations=18 (full 0):
 garbage-first heap   total 137216K, used 55528K [0x0000000080000000, 0x0000000100000000)
  region size 1024K, 2 young (2048K), 2 survivors (2048K)
 Metaspace       used 42732K, committed 43136K, reserved 1114112K
  class space    used 5732K, committed 5888K, reserved 1048576K
}
Event: 3.871 GC heap before
{Heap before GC invocations=19 (full 0):
 garbage-first heap   total 137216K, used 106728K [0x0000000080000000, 0x0000000100000000)
  region size 1024K, 49 young (50176K), 2 survivors (2048K)
 Metaspace       used 48005K, committed 48512K, reserved 1114112K
  class space    used 6407K, committed 6656K, reserved 1048576K
}
Event: 3.875 GC heap after
{Heap after GC invocations=20 (full 0):
 garbage-first heap   total 137216K, used 59976K [0x0000000080000000, 0x0000000100000000)
  region size 1024K, 7 young (7168K), 7 survivors (7168K)
 Metaspace       used 48005K, committed 48512K, reserved 1114112K
  class space    used 6407K, committed 6656K, reserved 1048576K
}
Event: 4.373 GC heap before
{Heap before GC invocations=20 (full 0):
 garbage-first heap   total 137216K, used 110152K [0x0000000080000000, 0x0000000100000000)
  region size 1024K, 52 young (53248K), 7 survivors (7168K)
 Metaspace       used 52126K, committed 52736K, reserved 1114112K
  class space    used 6907K, committed 7168K, reserved 1048576K
}
Event: 4.379 GC heap after
{Heap after GC invocations=21 (full 0):
 garbage-first heap   total 137216K, used 66674K [0x0000000080000000, 0x0000000100000000)
  region size 1024K, 4 young (4096K), 4 survivors (4096K)
 Metaspace       used 52126K, committed 52736K, reserved 1114112K
  class space    used 6907K, committed 7168K, reserved 1048576K
}
Event: 4.727 GC heap before
{Heap before GC invocations=21 (full 0):
 garbage-first heap   total 137216K, used 109682K [0x0000000080000000, 0x0000000100000000)
  region size 1024K, 46 young (47104K), 4 survivors (4096K)
 Metaspace       used 58449K, committed 59072K, reserved 1114112K
  class space    used 8196K, committed 8448K, reserved 1048576K
}
Event: 4.731 GC heap after
{Heap after GC invocations=22 (full 0):
 garbage-first heap   total 137216K, used 68467K [0x0000000080000000, 0x0000000100000000)
  region size 1024K, 2 young (2048K), 2 survivors (2048K)
 Metaspace       used 58449K, committed 59072K, reserved 1114112K
  class space    used 8196K, committed 8448K, reserved 1048576K
}
Event: 5.040 GC heap before
{Heap before GC invocations=23 (full 0):
 garbage-first heap   total 137216K, used 105331K [0x0000000080000000, 0x0000000100000000)
  region size 1024K, 39 young (39936K), 2 survivors (2048K)
 Metaspace       used 63464K, committed 64064K, reserved 1114112K
  class space    used 8853K, committed 9088K, reserved 1048576K
}
Event: 5.043 GC heap after
{Heap after GC invocations=24 (full 0):
 garbage-first heap   total 137216K, used 69274K [0x0000000080000000, 0x0000000100000000)
  region size 1024K, 3 young (3072K), 3 survivors (3072K)
 Metaspace       used 63464K, committed 64064K, reserved 1114112K
  class space    used 8853K, committed 9088K, reserved 1048576K
}
Event: 5.501 GC heap before
{Heap before GC invocations=25 (full 0):
 garbage-first heap   total 137216K, used 116378K [0x0000000080000000, 0x0000000100000000)
  region size 1024K, 46 young (47104K), 3 survivors (3072K)
 Metaspace       used 69698K, committed 70336K, reserved 1114112K
  class space    used 9643K, committed 9920K, reserved 1048576K
}
Event: 5.504 GC heap after
{Heap after GC invocations=26 (full 0):
 garbage-first heap   total 137216K, used 74375K [0x0000000080000000, 0x0000000100000000)
  region size 1024K, 4 young (4096K), 4 survivors (4096K)
 Metaspace       used 69698K, committed 70336K, reserved 1114112K
  class space    used 9643K, committed 9920K, reserved 1048576K
}
Event: 5.698 GC heap before
{Heap before GC invocations=27 (full 0):
 garbage-first heap   total 143360K, used 122503K [0x0000000080000000, 0x0000000100000000)
  region size 1024K, 44 young (45056K), 4 survivors (4096K)
 Metaspace       used 70188K, committed 70848K, reserved 1114112K
  class space    used 9689K, committed 9984K, reserved 1048576K
}
Event: 5.707 GC heap after
{Heap after GC invocations=28 (full 0):
 garbage-first heap   total 143360K, used 83992K [0x0000000080000000, 0x0000000100000000)
  region size 1024K, 6 young (6144K), 6 survivors (6144K)
 Metaspace       used 70188K, committed 70848K, reserved 1114112K
  class space    used 9689K, committed 9984K, reserved 1048576K
}
Event: 5.987 GC heap before
{Heap before GC invocations=28 (full 0):
 garbage-first heap   total 143360K, used 115736K [0x0000000080000000, 0x0000000100000000)
  region size 1024K, 37 young (37888K), 6 survivors (6144K)
 Metaspace       used 73997K, committed 74688K, reserved 1114112K
  class space    used 10148K, committed 10432K, reserved 1048576K
}
Event: 5.992 GC heap after
{Heap after GC invocations=29 (full 0):
 garbage-first heap   total 143360K, used 86979K [0x0000000080000000, 0x0000000100000000)
  region size 1024K, 3 young (3072K), 3 survivors (3072K)
 Metaspace       used 73997K, committed 74688K, reserved 1114112K
  class space    used 10148K, committed 10432K, reserved 1048576K
}

